TN:
SF:src\api\api.ts
FN:6,(anonymous_1)
FN:7,(anonymous_2)
FN:12,(anonymous_3)
FN:13,(anonymous_4)
FNF:4
FNH:0
FNDA:0,(anonymous_1)
FNDA:0,(anonymous_2)
FNDA:0,(anonymous_3)
FNDA:0,(anonymous_4)
DA:1,1
DA:4,1
DA:6,1
DA:7,0
DA:8,0
DA:12,1
DA:13,0
DA:14,0
LF:8
LH:4
BRF:0
BRH:0
end_of_record
TN:
SF:src\components\SearchBar.tsx
FN:15,(anonymous_1)
FN:19,(anonymous_2)
FN:20,(anonymous_3)
FN:22,(anonymous_4)
FN:26,(anonymous_5)
FN:31,(anonymous_6)
FN:36,(anonymous_7)
FN:39,(anonymous_8)
FN:42,(anonymous_9)
FNF:9
FNH:3
FNDA:3,(anonymous_1)
FNDA:6,(anonymous_2)
FNDA:6,(anonymous_3)
FNDA:0,(anonymous_4)
FNDA:0,(anonymous_5)
FNDA:0,(anonymous_6)
FNDA:0,(anonymous_7)
FNDA:0,(anonymous_8)
FNDA:0,(anonymous_9)
DA:1,1
DA:2,1
DA:3,1
DA:4,1
DA:5,1
DA:6,1
DA:7,1
DA:9,1
DA:10,1
DA:11,1
DA:12,1
DA:13,1
DA:15,1
DA:17,3
DA:19,6
DA:20,6
DA:22,3
DA:23,0
DA:26,3
DA:27,0
DA:28,0
DA:29,0
DA:30,0
DA:32,0
DA:33,0
DA:37,0
DA:39,0
DA:42,3
DA:43,0
DA:44,0
DA:48,3
LF:31
LH:20
BRDA:32,0,0,0
BRDA:43,1,0,0
BRDA:43,2,0,0
BRDA:43,2,1,0
BRF:4
BRH:0
end_of_record
TN:
SF:src\redux\slice\cardsSlice.ts
FN:13,(anonymous_0)
FN:19,(anonymous_1)
FNF:2
FNH:0
FNDA:0,(anonymous_0)
FNDA:0,(anonymous_1)
DA:1,1
DA:4,1
DA:9,1
DA:14,0
DA:20,0
DA:28,1
DA:30,1
DA:33,1
DA:34,1
DA:35,1
LF:10
LH:8
BRF:0
BRH:0
end_of_record
TN:
SF:src\redux\slice\querySlice.ts
FN:16,(anonymous_0)
FN:19,(anonymous_1)
FN:22,(anonymous_2)
FNF:3
FNH:0
FNDA:0,(anonymous_0)
FNDA:0,(anonymous_1)
FNDA:0,(anonymous_2)
DA:1,1
DA:4,1
DA:12,1
DA:17,0
DA:20,0
DA:23,0
DA:28,1
DA:30,1
DA:33,1
DA:34,1
DA:35,1
DA:36,1
LF:12
LH:9
BRF:0
BRH:0
end_of_record
TN:
SF:src\redux\slice\uiSlice.ts
FN:20,(anonymous_0)
FN:23,(anonymous_1)
FN:26,(anonymous_2)
FN:29,(anonymous_3)
FN:32,(anonymous_4)
FN:35,(anonymous_5)
FN:38,(anonymous_6)
FNF:7
FNH:0
FNDA:0,(anonymous_0)
FNDA:0,(anonymous_1)
FNDA:0,(anonymous_2)
FNDA:0,(anonymous_3)
FNDA:0,(anonymous_4)
FNDA:0,(anonymous_5)
FNDA:0,(anonymous_6)
DA:1,1
DA:4,1
DA:16,1
DA:21,0
DA:24,0
DA:27,0
DA:30,0
DA:33,0
DA:36,0
DA:39,0
DA:44,1
DA:46,1
DA:49,1
DA:50,1
DA:51,1
DA:52,1
DA:53,1
DA:54,1
DA:55,1
LF:19
LH:12
BRF:0
BRH:0
end_of_record
TN:
SF:src\redux\store\store.ts
FNF:0
FNH:0
DA:1,1
DA:2,1
DA:3,1
DA:4,1
DA:6,1
DA:18,1
LF:6
LH:6
BRF:0
BRH:0
end_of_record
TN:
SF:src\styles\theme.ts
FNF:0
FNH:0
DA:1,1
LF:1
LH:1
BRF:0
BRH:0
end_of_record
TN:
SF:src\styles\Blocks\SearchBarWrapper.ts
FN:11,(anonymous_1)
FNF:1
FNH:1
FNDA:3,(anonymous_1)
DA:1,1
DA:3,1
DA:11,3
DA:16,1
LF:4
LH:4
BRF:0
BRH:0
end_of_record
TN:
SF:src\styles\Blocks\SearchButton.ts
FN:12,(anonymous_1)
FN:14,(anonymous_2)
FN:15,(anonymous_3)
FN:16,(anonymous_4)
FN:24,(anonymous_5)
FNF:5
FNH:5
FNDA:3,(anonymous_1)
FNDA:3,(anonymous_2)
FNDA:3,(anonymous_3)
FNDA:3,(anonymous_4)
FNDA:3,(anonymous_5)
DA:1,1
DA:3,1
DA:12,3
DA:14,3
DA:15,3
DA:16,3
DA:24,3
DA:27,1
LF:8
LH:8
BRF:0
BRH:0
end_of_record
TN:
SF:src\styles\Blocks\SearchIcon.ts
FNF:0
FNH:0
DA:1,1
DA:3,1
DA:13,1
LF:3
LH:3
BRF:0
BRH:0
end_of_record
TN:
SF:src\styles\Blocks\SearchInput.ts
FN:16,(anonymous_1)
FN:17,(anonymous_2)
FN:20,(anonymous_3)
FNF:3
FNH:3
FNDA:3,(anonymous_1)
FNDA:3,(anonymous_2)
FNDA:3,(anonymous_3)
DA:1,1
DA:3,1
DA:16,3
DA:17,3
DA:20,3
DA:23,1
LF:6
LH:6
BRF:0
BRH:0
end_of_record
